<?xml version="1.0" encoding="UTF-8"?>
<!-- Generated by org.testng.reporters.JUnitXMLReporter -->
<testsuite hostname="shabi80" ignored="0" name="Free CRM Test Cases" tests="3" failures="0" timestamp="27 Feb 2018 18:50:25 GMT" time="42.004" errors="0">
  <testcase name="loginPageTitleTest" time="0.042" classname="com.crm.qa.testcases.LoginPageTest"/>
  <testcase name="crmLogoImageTest" time="0.149" classname="com.crm.qa.testcases.LoginPageTest"/>
  <testcase name="loginTest" time="0.983" classname="com.crm.qa.testcases.LoginPageTest"/>
</testsuite> <!-- Free CRM Test Cases -->
