<?xml version="1.0" encoding="UTF-8"?>
<!-- Generated by org.testng.reporters.JUnitXMLReporter -->
<testsuite hostname="shabi80" ignored="0" name="Default test" tests="3" failures="0" timestamp="27 Feb 2018 17:42:17 GMT" time="43.551" errors="0">
  <testcase name="loginPageTitleTest" time="0.017" classname="com.crm.qa.testcases.LoginPageTest"/>
  <testcase name="crmLogoImageTest" time="0.101" classname="com.crm.qa.testcases.LoginPageTest"/>
  <testcase name="loginTest" time="0.745" classname="com.crm.qa.testcases.LoginPageTest"/>
</testsuite> <!-- Default test -->
